d:\kaifa_environment\code\c\screenshot\screenshot\x64\debug\screenshot.pch
d:\kaifa_environment\code\c\screenshot\screenshot\x64\debug\vc142.pdb
d:\kaifa_environment\code\c\screenshot\screenshot\x64\debug\vc142.idb
d:\kaifa_environment\code\c\screenshot\screenshot\x64\debug\pch.obj
d:\kaifa_environment\code\c\screenshot\screenshot\x64\debug\templmatch.obj
d:\kaifa_environment\code\c\screenshot\screenshot\x64\debug\empty.obj
d:\kaifa_environment\code\c\screenshot\screenshot\x64\debug\dllmain.obj
d:\kaifa_environment\code\c\screenshot\x64\debug\screenshot.exe
d:\kaifa_environment\code\c\screenshot\screenshot\x64\debug\screenshot.ilk
d:\kaifa_environment\code\c\screenshot\x64\debug\screenshot.pdb
d:\kaifa_environment\code\c\screenshot\x64\debug\screenshot.lib
d:\kaifa_environment\code\c\screenshot\x64\debug\screenshot.exp
d:\kaifa_environment\code\c\screenshot\screenshot\x64\debug\vc143.idb
d:\kaifa_environment\code\c\screenshot\screenshot\x64\debug\vc143.pdb
d:\kaifa_environment\code\c\screenshot\x64\debug\screenshot.dll
d:\kaifa_environment\code\c\screenshot\screenshot\x64\debug\screenshot.tlog\cl.command.1.tlog
d:\kaifa_environment\code\c\screenshot\screenshot\x64\debug\screenshot.tlog\cl.read.1.tlog
d:\kaifa_environment\code\c\screenshot\screenshot\x64\debug\screenshot.tlog\cl.write.1.tlog
d:\kaifa_environment\code\c\screenshot\screenshot\x64\debug\screenshot.tlog\icx-clang-cl.14412.delete.1.tlog
d:\kaifa_environment\code\c\screenshot\screenshot\x64\debug\screenshot.tlog\icx-clang-cl.14412.read.1.tlog
d:\kaifa_environment\code\c\screenshot\screenshot\x64\debug\screenshot.tlog\icx-clang-cl.14412.write.1.tlog
d:\kaifa_environment\code\c\screenshot\screenshot\x64\debug\screenshot.tlog\icx-clang-cl.17492.delete.1.tlog
d:\kaifa_environment\code\c\screenshot\screenshot\x64\debug\screenshot.tlog\icx-clang-cl.17492.read.1.tlog
d:\kaifa_environment\code\c\screenshot\screenshot\x64\debug\screenshot.tlog\icx-clang-cl.17492.write.1.tlog
d:\kaifa_environment\code\c\screenshot\screenshot\x64\debug\screenshot.tlog\icx-clang-cl.18888.delete.1.tlog
d:\kaifa_environment\code\c\screenshot\screenshot\x64\debug\screenshot.tlog\icx-clang-cl.18888.read.1.tlog
d:\kaifa_environment\code\c\screenshot\screenshot\x64\debug\screenshot.tlog\icx-clang-cl.18888.write.1.tlog
d:\kaifa_environment\code\c\screenshot\screenshot\x64\debug\screenshot.tlog\icx-clang-cl.684.delete.1.tlog
d:\kaifa_environment\code\c\screenshot\screenshot\x64\debug\screenshot.tlog\icx-clang-cl.684.read.1.tlog
d:\kaifa_environment\code\c\screenshot\screenshot\x64\debug\screenshot.tlog\icx-clang-cl.684.write.1.tlog
d:\kaifa_environment\code\c\screenshot\screenshot\x64\debug\screenshot.tlog\icx-clang-cl.8472.delete.1.tlog
d:\kaifa_environment\code\c\screenshot\screenshot\x64\debug\screenshot.tlog\icx-clang-cl.8472.read.1.tlog
d:\kaifa_environment\code\c\screenshot\screenshot\x64\debug\screenshot.tlog\icx-clang-cl.8472.write.1.tlog
d:\kaifa_environment\code\c\screenshot\screenshot\x64\debug\screenshot.tlog\icx-clang-cl.read.1.tlog
d:\kaifa_environment\code\c\screenshot\screenshot\x64\debug\screenshot.tlog\icx.command.1.tlog
d:\kaifa_environment\code\c\screenshot\screenshot\x64\debug\screenshot.tlog\link.command.1.tlog
d:\kaifa_environment\code\c\screenshot\screenshot\x64\debug\screenshot.tlog\link.delete.1.tlog
d:\kaifa_environment\code\c\screenshot\screenshot\x64\debug\screenshot.tlog\link.read.1.tlog
d:\kaifa_environment\code\c\screenshot\screenshot\x64\debug\screenshot.tlog\link.write.1.tlog
d:\kaifa_environment\code\c\screenshot\screenshot\x64\debug\screenshot.tlog\screenshot.write.1u.tlog
d:\kaifa_environment\code\c\screenshot\screenshot\x64\debug\screenshot.tlog\xilink-lld-link.delete.1.tlog
d:\kaifa_environment\code\c\screenshot\screenshot\x64\debug\screenshot.tlog\xilink-lld-link.read.1.tlog
d:\kaifa_environment\code\c\screenshot\screenshot\x64\debug\screenshot.tlog\xilink-lld-link.read.2.tlog
d:\kaifa_environment\code\c\screenshot\screenshot\x64\debug\screenshot.tlog\xilink-lld-link.write.1.tlog
d:\kaifa_environment\code\c\screenshot\screenshot\x64\debug\screenshot.tlog\xilink.command.1.tlog
